  GraphEditor.cpp
  ImCurveEdit.cpp
  ImGradient.cpp
  ImGuizmo.cpp
  ImSequencer.cpp
  imgui.cpp
  imgui_demo.cpp
  imgui_draw.cpp
  imgui_impl_glfw.cpp
  imgui_impl_opengl3.cpp
  imgui_tables.cpp
  imgui_widgets.cpp
  Animation.cpp
C:\Users\김도윤\Desktop\an git 2\YsEngine\Animation.h(29,37): warning C4244: 'return': 'int'에서 'float'(으)로 변환하면서 데이터가 손실될 수 있습니다.
  (소스 파일 'Animation.cpp'을(를) 컴파일하는 중)
  
C:\Users\김도윤\Desktop\an git 2\YsEngine\Animation.cpp(26,22): warning C4244: '=': 'double'에서 'float'(으)로 변환하면서 데이터가 손실될 수 있습니다.
C:\Users\김도윤\Desktop\an git 2\YsEngine\Animation.cpp(27,28): warning C4244: '=': 'double'에서 'int'(으)로 변환하면서 데이터가 손실될 수 있습니다.
C:\Users\김도윤\Desktop\an git 2\YsEngine\Animation.cpp(85,20): warning C4018: '<': signed 또는 unsigned가 일치하지 않습니다.
  Animator.cpp
C:\Users\김도윤\Desktop\an git 2\YsEngine\Animation.h(29,37): warning C4244: 'return': 'int'에서 'float'(으)로 변환하면서 데이터가 손실될 수 있습니다.
  (소스 파일 'Animator.cpp'을(를) 컴파일하는 중)
  
  AssimpGLMHelpers.cpp
  Bone.cpp
C:\Users\김도윤\Desktop\an git 2\YsEngine\Bone.cpp(14,19): warning C4244: '초기화 중': 'double'에서 'float'(으)로 변환하면서 데이터가 손실될 수 있습니다.
C:\Users\김도윤\Desktop\an git 2\YsEngine\Bone.cpp(25,19): warning C4244: '초기화 중': 'double'에서 'float'(으)로 변환하면서 데이터가 손실될 수 있습니다.
C:\Users\김도윤\Desktop\an git 2\YsEngine\Bone.cpp(36,19): warning C4244: '초기화 중': 'double'에서 'float'(으)로 변환하면서 데이터가 손실될 수 있습니다.
  Camera.cpp
  FrameBuffer.cpp
C:\Users\김도윤\Desktop\an git 2\YsEngine\FrameBuffer.cpp(16,48): warning C4244: '인수': 'float'에서 'GLsizei'(으)로 변환하면서 데이터가 손실될 수 있습니다.
C:\Users\김도윤\Desktop\an git 2\YsEngine\FrameBuffer.cpp(16,41): warning C4244: '인수': 'float'에서 'GLsizei'(으)로 변환하면서 데이터가 손실될 수 있습니다.
C:\Users\김도윤\Desktop\an git 2\YsEngine\FrameBuffer.cpp(26,69): warning C4244: '인수': 'float'에서 'GLsizei'(으)로 변환하면서 데이터가 손실될 수 있습니다.
C:\Users\김도윤\Desktop\an git 2\YsEngine\FrameBuffer.cpp(26,62): warning C4244: '인수': 'float'에서 'GLsizei'(으)로 변환하면서 데이터가 손실될 수 있습니다.
C:\Users\김도윤\Desktop\an git 2\YsEngine\FrameBuffer.cpp(53,48): warning C4244: '인수': 'float'에서 'GLsizei'(으)로 변환하면서 데이터가 손실될 수 있습니다.
C:\Users\김도윤\Desktop\an git 2\YsEngine\FrameBuffer.cpp(53,41): warning C4244: '인수': 'float'에서 'GLsizei'(으)로 변환하면서 데이터가 손실될 수 있습니다.
C:\Users\김도윤\Desktop\an git 2\YsEngine\FrameBuffer.cpp(59,69): warning C4244: '인수': 'float'에서 'GLsizei'(으)로 변환하면서 데이터가 손실될 수 있습니다.
C:\Users\김도윤\Desktop\an git 2\YsEngine\FrameBuffer.cpp(59,62): warning C4244: '인수': 'float'에서 'GLsizei'(으)로 변환하면서 데이터가 손실될 수 있습니다.
  InspectorPanel.cpp
  main.cpp
C:\Users\김도윤\Desktop\an git 2\YsEngine\Animation.h(29,37): warning C4244: 'return': 'int'에서 'float'(으)로 변환하면서 데이터가 손실될 수 있습니다.
  (소스 파일 'main.cpp'을(를) 컴파일하는 중)
  
C:\Users\김도윤\Desktop\an git 2\YsEngine\main.cpp(191,83): warning C4244: '인수': 'GLint'에서 'float'(으)로 변환하면서 데이터가 손실될 수 있습니다.
C:\Users\김도윤\Desktop\an git 2\YsEngine\main.cpp(191,52): warning C4244: '인수': 'GLint'에서 'float'(으)로 변환하면서 데이터가 손실될 수 있습니다.
C:\Users\김도윤\Desktop\an git 2\YsEngine\main.cpp(204,15): warning C4244: '초기화 중': 'double'에서 'GLfloat'(으)로 변환하면서 데이터가 손실될 수 있습니다.
  코드를 생성하고 있습니다...
C:\Users\김도윤\Desktop\an git 2\YsEngine\Bone.cpp(60,1): warning C4715: 'Bone::GetPositionIndex': 모든 제어 경로에서 값을 반환하지는 않습니다.
C:\Users\김도윤\Desktop\an git 2\YsEngine\Bone.cpp(80,1): warning C4715: 'Bone::GetScaleIndex': 모든 제어 경로에서 값을 반환하지는 않습니다.
C:\Users\김도윤\Desktop\an git 2\YsEngine\Bone.cpp(70,1): warning C4715: 'Bone::GetRotationIndex': 모든 제어 경로에서 값을 반환하지는 않습니다.
  컴파일하고 있습니다...
  Mesh.cpp
C:\Users\김도윤\Desktop\an git 2\YsEngine\Mesh.cpp(19,27): warning C4267: '=': 'size_t'에서 'GLsizei'(으)로 변환하면서 데이터가 손실될 수 있습니다.
  Model.cpp
C:\Users\김도윤\Desktop\an git 2\YsEngine\Model.cpp(32,20): warning C4267: '초기화 중': 'size_t'에서 'int'(으)로 변환하면서 데이터가 손실될 수 있습니다.
C:\Users\김도윤\Desktop\an git 2\YsEngine\Model.cpp(234,12): warning C4267: '초기화 중': 'size_t'에서 'int'(으)로 변환하면서 데이터가 손실될 수 있습니다.
C:\Users\김도윤\Desktop\an git 2\YsEngine\Model.cpp(236,40): warning C4267: '=': 'size_t'에서 'int'(으)로 변환하면서 데이터가 손실될 수 있습니다.
C:\Users\김도윤\Desktop\an git 2\YsEngine\Model.cpp(265,12): warning C4267: '초기화 중': 'size_t'에서 'int'(으)로 변환하면서 데이터가 손실될 수 있습니다.
C:\Users\김도윤\Desktop\an git 2\YsEngine\Model.cpp(267,40): warning C4267: '=': 'size_t'에서 'int'(으)로 변환하면서 데이터가 손실될 수 있습니다.
C:\Users\김도윤\Desktop\an git 2\YsEngine\Model.cpp(311,36): warning C4018: '<': signed 또는 unsigned가 일치하지 않습니다.
  Panel.cpp
  ScenePanel.cpp
  Shader.cpp
C:\Users\김도윤\Desktop\an git 2\YsEngine\Shader.cpp(170,20): warning C4018: '<': signed 또는 unsigned가 일치하지 않습니다.
C:\Users\김도윤\Desktop\an git 2\YsEngine\Shader.cpp(209,24): warning C4267: '=': 'size_t'에서 'GLint'(으)로 변환하면서 데이터가 손실될 수 있습니다.
  Skybox.cpp
C:\Users\김도윤\Desktop\an git 2\YsEngine\Skybox.cpp(32,47): warning C4267: '인수': 'size_t'에서 'GLenum'(으)로 변환하면서 데이터가 손실될 수 있습니다.
  Texture.cpp
  Window.cpp
C:\Users\김도윤\Desktop\an git 2\YsEngine\Window.cpp(150,29): warning C4244: '=': 'double'에서 'GLfloat'(으)로 변환하면서 데이터가 손실될 수 있습니다.
C:\Users\김도윤\Desktop\an git 2\YsEngine\Window.cpp(151,40): warning C4244: '=': 'double'에서 'GLfloat'(으)로 변환하면서 데이터가 손실될 수 있습니다.
C:\Users\김도윤\Desktop\an git 2\YsEngine\Window.cpp(154,21): warning C4244: '=': 'double'에서 'GLfloat'(으)로 변환하면서 데이터가 손실될 수 있습니다.
C:\Users\김도윤\Desktop\an git 2\YsEngine\Window.cpp(155,21): warning C4244: '=': 'double'에서 'GLfloat'(으)로 변환하면서 데이터가 손실될 수 있습니다.
  코드를 생성하고 있습니다...
C:\Users\김도윤\Desktop\an git 2\YsEngine\Window.cpp(82,1): warning C4715: 'Window::Initialize': 모든 제어 경로에서 값을 반환하지는 않습니다.
LINK : warning LNK4098: 'MSVCRT' defaultlib가 다른 라이브러리와 충돌합니다. /NODEFAULTLIB:library를 사용하십시오.
  YsEngine.vcxproj -> C:\Users\김도윤\Desktop\an git 2\YsEngine\x64\Debug\YsEngine.exe
